<?xml version="1.0" encoding="UTF-8"?>
<!-- Generated by org.testng.reporters.JUnitReportReporter -->
<testsuite hostname="DESKTOP-LKTRJNP" name="de.bonprix.academy.modules.applicationdata.dialog.applicationtype.ApplicationTypeWindowPresenterTest" tests="5" failures="0" timestamp="14 Sep 2017 23:14:14 GMT" time="0.017" errors="0">
  <testcase name="withCountryIdTest" time="0.004" classname="de.bonprix.academy.modules.applicationdata.dialog.applicationtype.ApplicationTypeWindowPresenterTest"/>
  <testcase name="updateEntityNotValidTest" time="0.002" classname="de.bonprix.academy.modules.applicationdata.dialog.applicationtype.ApplicationTypeWindowPresenterTest"/>
  <testcase name="initTest" time="0.001" classname="de.bonprix.academy.modules.applicationdata.dialog.applicationtype.ApplicationTypeWindowPresenterTest"/>
  <testcase name="updateEntityModeEditTest" time="0.001" classname="de.bonprix.academy.modules.applicationdata.dialog.applicationtype.ApplicationTypeWindowPresenterTest"/>
  <testcase name="updateEntityModeAddTest" time="0.009" classname="de.bonprix.academy.modules.applicationdata.dialog.applicationtype.ApplicationTypeWindowPresenterTest"/>
</testsuite> <!-- de.bonprix.academy.modules.applicationdata.dialog.applicationtype.ApplicationTypeWindowPresenterTest -->
