<?xml version="1.0" encoding="UTF-8"?>
<!-- Generated by org.testng.reporters.JUnitReportReporter -->
<testsuite hostname="DESKTOP-LKTRJNP" name="de.bonprix.academy.modules.applicationdata.dialog.application.ApplicationWindowPresenterTest" tests="5" failures="0" timestamp="14 Sep 2017 23:14:14 GMT" time="0.028" errors="0">
  <testcase name="updateEntityModeAddTest" time="0.007" classname="de.bonprix.academy.modules.applicationdata.dialog.application.ApplicationWindowPresenterTest"/>
  <testcase name="updateEntityModeEditTest" time="0.002" classname="de.bonprix.academy.modules.applicationdata.dialog.application.ApplicationWindowPresenterTest"/>
  <testcase name="updateEntityNotValidTest" time="0.003" classname="de.bonprix.academy.modules.applicationdata.dialog.application.ApplicationWindowPresenterTest"/>
  <testcase name="withApplicationIdTest" time="0.013" classname="de.bonprix.academy.modules.applicationdata.dialog.application.ApplicationWindowPresenterTest"/>
  <testcase name="initTest" time="0.003" classname="de.bonprix.academy.modules.applicationdata.dialog.application.ApplicationWindowPresenterTest"/>
</testsuite> <!-- de.bonprix.academy.modules.applicationdata.dialog.application.ApplicationWindowPresenterTest -->
