<?xml version="1.0" encoding="UTF-8"?>
<!-- Generated by org.testng.reporters.JUnitReportReporter -->
<testsuite hostname="DESKTOP-LKTRJNP" name="de.bonprix.academy.modules.applicationdata.ApplicationDataPresenterTest" tests="17" failures="0" timestamp="14 Sep 2017 23:14:14 GMT" time="0.441" errors="0">
  <testcase name="clickedMenuEditApplicationGroupTest" time="0.005" classname="de.bonprix.academy.modules.applicationdata.ApplicationDataPresenterTest"/>
  <testcase name="updatedApplicationEventTest" time="0.003" classname="de.bonprix.academy.modules.applicationdata.ApplicationDataPresenterTest"/>
  <testcase name="selectionChangedOnGridApplicationGroupSelectionTest" time="0.004" classname="de.bonprix.academy.modules.applicationdata.ApplicationDataPresenterTest"/>
  <testcase name="updatedApplicationGroupEventTest" time="0.002" classname="de.bonprix.academy.modules.applicationdata.ApplicationDataPresenterTest"/>
  <testcase name="selectionChangedOnGridApplicationSelectionTest" time="0.003" classname="de.bonprix.academy.modules.applicationdata.ApplicationDataPresenterTest"/>
  <testcase name="selectionChangedOnGridNoSelectionTest" time="0.004" classname="de.bonprix.academy.modules.applicationdata.ApplicationDataPresenterTest"/>
  <testcase name="clickedMenuAddApplicationTest" time="0.008" classname="de.bonprix.academy.modules.applicationdata.ApplicationDataPresenterTest"/>
  <testcase name="selectionChangedOnGridApplicationTypeSelectionTest" time="0.001" classname="de.bonprix.academy.modules.applicationdata.ApplicationDataPresenterTest"/>
  <testcase name="insertedApplicationTypeEventTest" time="0.002" classname="de.bonprix.academy.modules.applicationdata.ApplicationDataPresenterTest"/>
  <testcase name="clickedMenuEditApplicationTypeTest" time="0.006" classname="de.bonprix.academy.modules.applicationdata.ApplicationDataPresenterTest"/>
  <testcase name="clickedMenuAddApplicationTypeTest" time="0.325" classname="de.bonprix.academy.modules.applicationdata.ApplicationDataPresenterTest"/>
  <testcase name="insertedApplicationEventTest" time="0.002" classname="de.bonprix.academy.modules.applicationdata.ApplicationDataPresenterTest"/>
  <testcase name="initTest" time="0.032" classname="de.bonprix.academy.modules.applicationdata.ApplicationDataPresenterTest"/>
  <testcase name="clickedMenuEditApplicationTest" time="0.004" classname="de.bonprix.academy.modules.applicationdata.ApplicationDataPresenterTest"/>
  <testcase name="clickedMenuAddApplicationGroupTest" time="0.034" classname="de.bonprix.academy.modules.applicationdata.ApplicationDataPresenterTest"/>
  <testcase name="insertedApplicationGroupEventTest" time="0.003" classname="de.bonprix.academy.modules.applicationdata.ApplicationDataPresenterTest"/>
  <testcase name="updatedApplicationTypeEventTest" time="0.003" classname="de.bonprix.academy.modules.applicationdata.ApplicationDataPresenterTest"/>
</testsuite> <!-- de.bonprix.academy.modules.applicationdata.ApplicationDataPresenterTest -->
