<?xml version="1.0" encoding="UTF-8"?>
<!-- Generated by org.testng.reporters.JUnitReportReporter -->
<testsuite hostname="DESKTOP-LKTRJNP" name="de.bonprix.academy.modules.applicationdata.dialog.applicationgroup.ApplicationGroupWindowPresenterTest" tests="5" failures="0" timestamp="14 Sep 2017 23:14:14 GMT" time="0.019" errors="0">
  <testcase name="withCountryIdTest" time="0.006" classname="de.bonprix.academy.modules.applicationdata.dialog.applicationgroup.ApplicationGroupWindowPresenterTest"/>
  <testcase name="updateEntityNotValidTest" time="0.003" classname="de.bonprix.academy.modules.applicationdata.dialog.applicationgroup.ApplicationGroupWindowPresenterTest"/>
  <testcase name="initTest" time="0.004" classname="de.bonprix.academy.modules.applicationdata.dialog.applicationgroup.ApplicationGroupWindowPresenterTest"/>
  <testcase name="updateEntityModeEditTest" time="0.003" classname="de.bonprix.academy.modules.applicationdata.dialog.applicationgroup.ApplicationGroupWindowPresenterTest"/>
  <testcase name="updateEntityModeAddTest" time="0.003" classname="de.bonprix.academy.modules.applicationdata.dialog.applicationgroup.ApplicationGroupWindowPresenterTest"/>
</testsuite> <!-- de.bonprix.academy.modules.applicationdata.dialog.applicationgroup.ApplicationGroupWindowPresenterTest -->
